<?xml version="1.0" encoding="UTF-8"?>
<testng-results ignored="0" total="2" passed="2" failed="0" skipped="0">
  <reporter-output>
  </reporter-output>
  <suite started-at="2023-07-19T22:04:46 IST" name="Suite" finished-at="2023-07-19T22:05:11 IST" duration-ms="25557">
    <groups>
    </groups>
    <test started-at="2023-07-19T22:04:46 IST" name="Test" finished-at="2023-07-19T22:05:11 IST" duration-ms="25557">
      <class name="com.saucelabs.testcases.LoginTest">
        <test-method is-config="true" signature="initDriver()[pri:0, instance:com.saucelabs.testcases.LoginTest@292b08d6]" started-at="2023-07-19T22:05:01 IST" name="initDriver" finished-at="2023-07-19T22:05:03 IST" duration-ms="1603" status="PASS">
          <reporter-output>
          </reporter-output>
        </test-method> <!-- initDriver -->
        <test-method signature="testlogin()[pri:0, instance:com.saucelabs.testcases.LoginTest@292b08d6]" started-at="2023-07-19T22:05:03 IST" name="testlogin" finished-at="2023-07-19T22:05:05 IST" duration-ms="2573" status="PASS">
          <reporter-output>
          </reporter-output>
        </test-method> <!-- testlogin -->
        <test-method is-config="true" signature="tearDown()[pri:0, instance:com.saucelabs.testcases.LoginTest@292b08d6]" started-at="2023-07-19T22:05:05 IST" name="tearDown" finished-at="2023-07-19T22:05:11 IST" duration-ms="5572" status="PASS">
          <reporter-output>
          </reporter-output>
        </test-method> <!-- tearDown -->
      </class> <!-- com.saucelabs.testcases.LoginTest -->
      <class name="com.saucelabs.testcases.SignUpTest">
        <test-method is-config="true" signature="initDriver()[pri:0, instance:com.saucelabs.testcases.SignUpTest@1aafa419]" started-at="2023-07-19T22:04:46 IST" name="initDriver" finished-at="2023-07-19T22:04:48 IST" duration-ms="2789" status="PASS">
          <reporter-output>
          </reporter-output>
        </test-method> <!-- initDriver -->
        <test-method signature="register()[pri:0, instance:com.saucelabs.testcases.SignUpTest@1aafa419]" started-at="2023-07-19T22:04:48 IST" name="register" finished-at="2023-07-19T22:04:56 IST" duration-ms="7594" status="PASS">
          <reporter-output>
          </reporter-output>
        </test-method> <!-- register -->
        <test-method is-config="true" signature="tearDown()[pri:0, instance:com.saucelabs.testcases.SignUpTest@1aafa419]" started-at="2023-07-19T22:04:56 IST" name="tearDown" finished-at="2023-07-19T22:05:01 IST" duration-ms="5363" status="PASS">
          <reporter-output>
          </reporter-output>
        </test-method> <!-- tearDown -->
      </class> <!-- com.saucelabs.testcases.SignUpTest -->
    </test> <!-- Test -->
  </suite> <!-- Suite -->
</testng-results>
